<?xml version="1.0" encoding="UTF-8"?>
<!-- Generated by org.testng.reporters.JUnitReportReporter -->
<testsuite hostname="DELL-PC" name="com.salesforce.testcases.ValidWebTest" tests="1" failures="0" timestamp="7 Jun 2017 03:34:39 GMT" time="79.602" errors="0">
  <testcase name="DomainURLTest" time="79.602" classname="com.salesforce.testcases.ValidWebTest"/>
</testsuite> <!-- com.salesforce.testcases.ValidWebTest -->
